[debug] [2020-10-27T21:48:11.507Z] ----------------------------------------------------------------------
[debug] [2020-10-27T21:48:11.510Z] Command:       C:\Program Files\nodejs\node.exe C:\Users\BARRANQUILLA\AppData\Roaming\npm\node_modules\firebase-tools\lib\bin\firebase.js deploy
[debug] [2020-10-27T21:48:11.511Z] CLI Version:   8.13.1
[debug] [2020-10-27T21:48:11.511Z] Platform:      win32
[debug] [2020-10-27T21:48:11.511Z] Node Version:  v12.19.0
[debug] [2020-10-27T21:48:11.512Z] Time:          Tue Oct 27 2020 16:48:11 GMT-0500 (Colombia Standard Time)
[debug] [2020-10-27T21:48:11.513Z] ----------------------------------------------------------------------
[debug] [2020-10-27T21:48:11.513Z] 
[debug] [2020-10-27T21:48:11.524Z] > command requires scopes: ["email","openid","https://www.googleapis.com/auth/cloudplatformprojects.readonly","https://www.googleapis.com/auth/firebase","https://www.googleapis.com/auth/cloud-platform"]
[debug] [2020-10-27T21:48:11.525Z] > authorizing via signed-in user
[debug] [2020-10-27T21:48:11.525Z] [iam] checking project atpoda-81ca1 for permissions ["firebase.projects.get","firebasehosting.sites.update"]
[debug] [2020-10-27T21:48:11.530Z] >>> HTTP REQUEST POST https://cloudresourcemanager.googleapis.com/v1/projects/atpoda-81ca1:testIamPermissions  
 {"permissions":["firebase.projects.get","firebasehosting.sites.update"]}
[debug] [2020-10-27T21:48:12.053Z] <<< HTTP RESPONSE 200 {"content-type":"application/json; charset=UTF-8","vary":"X-Origin, Referer, Origin,Accept-Encoding","date":"Tue, 27 Oct 2020 21:48:10 GMT","server":"ESF","cache-control":"private","x-xss-protection":"0","x-frame-options":"SAMEORIGIN","x-content-type-options":"nosniff","server-timing":"gfet4t7; dur=334","alt-svc":"h3-Q050=\":443\"; ma=2592000,h3-29=\":443\"; ma=2592000,h3-T051=\":443\"; ma=2592000,h3-T050=\":443\"; ma=2592000,h3-Q046=\":443\"; ma=2592000,h3-Q043=\":443\"; ma=2592000,quic=\":443\"; ma=2592000; v=\"46,43\"","accept-ranges":"none","transfer-encoding":"chunked"}
[debug] [2020-10-27T21:48:12.056Z] >>> HTTP REQUEST GET https://firebase.googleapis.com/v1beta1/projects/atpoda-81ca1  
 
[debug] [2020-10-27T21:48:12.546Z] <<< HTTP RESPONSE 200 {"content-type":"application/json; charset=UTF-8","vary":"X-Origin, Referer, Origin,Accept-Encoding","date":"Tue, 27 Oct 2020 21:48:11 GMT","server":"ESF","cache-control":"private","x-xss-protection":"0","x-frame-options":"SAMEORIGIN","x-content-type-options":"nosniff","alt-svc":"h3-Q050=\":443\"; ma=2592000,h3-29=\":443\"; ma=2592000,h3-T051=\":443\"; ma=2592000,h3-T050=\":443\"; ma=2592000,h3-Q046=\":443\"; ma=2592000,h3-Q043=\":443\"; ma=2592000,quic=\":443\"; ma=2592000; v=\"46,43\"","accept-ranges":"none","transfer-encoding":"chunked"}
[info] 
[info] === Deploying to 'atpoda-81ca1'...
[info] 
[info] i  deploying hosting 
[debug] [2020-10-27T21:48:12.553Z] >>> HTTP REQUEST POST https://firebasehosting.googleapis.com/v1beta1/sites/atpoda-81ca1/versions  
 {"config":{},"labels":{"deployment-tool":"cli-firebase"}}
[debug] [2020-10-27T21:48:13.881Z] <<< HTTP RESPONSE 200 {"content-type":"application/json; charset=UTF-8","vary":"X-Origin, Referer, Origin,Accept-Encoding","date":"Tue, 27 Oct 2020 21:48:12 GMT","server":"ESF","cache-control":"private","x-xss-protection":"0","x-frame-options":"SAMEORIGIN","x-content-type-options":"nosniff","alt-svc":"h3-Q050=\":443\"; ma=2592000,h3-29=\":443\"; ma=2592000,h3-T051=\":443\"; ma=2592000,h3-T050=\":443\"; ma=2592000,h3-Q046=\":443\"; ma=2592000,h3-Q043=\":443\"; ma=2592000,quic=\":443\"; ma=2592000; v=\"46,43\"","accept-ranges":"none","transfer-encoding":"chunked"}
[info] i  hosting[atpoda-81ca1]: beginning deploy... 
[info] i  hosting[atpoda-81ca1]: found 16 files in dist 
[debug] [2020-10-27T21:48:14.123Z] [hosting] hash cache [ZGlzdA] stored for 16 files
[debug] [2020-10-27T21:48:14.124Z] [hosting][hash queue][FINAL] {"max":150,"min":2,"avg":36.875,"active":0,"complete":16,"success":16,"errored":0,"retried":0,"total":16,"elapsed":163}
[debug] [2020-10-27T21:48:14.124Z] >>> HTTP REQUEST POST https://firebasehosting.googleapis.com/v1beta1/sites/atpoda-81ca1/versions/93f066e91614000e:populateFiles  
 <request body omitted>
[debug] [2020-10-27T21:48:15.156Z] <<< HTTP RESPONSE 200 {"content-type":"application/json; charset=UTF-8","vary":"X-Origin, Referer, Origin,Accept-Encoding","date":"Tue, 27 Oct 2020 21:48:14 GMT","server":"ESF","cache-control":"private","x-xss-protection":"0","x-frame-options":"SAMEORIGIN","x-content-type-options":"nosniff","alt-svc":"h3-Q050=\":443\"; ma=2592000,h3-29=\":443\"; ma=2592000,h3-T051=\":443\"; ma=2592000,h3-T050=\":443\"; ma=2592000,h3-Q046=\":443\"; ma=2592000,h3-Q043=\":443\"; ma=2592000,quic=\":443\"; ma=2592000; v=\"46,43\"","accept-ranges":"none","transfer-encoding":"chunked"}
[debug] [2020-10-27T21:48:15.168Z] [hosting][populate queue][FINAL] {"max":1039,"min":1039,"avg":1039,"active":0,"complete":1,"success":1,"errored":0,"retried":0,"total":1,"elapsed":1047}
[debug] [2020-10-27T21:48:15.168Z] [hosting] uploads queued: 3
[debug] [2020-10-27T21:48:17.265Z] [hosting][upload queue][FINAL] {"max":2105,"min":1164,"avg":1648.6666666666667,"active":0,"complete":3,"success":3,"errored":0,"retried":0,"total":3,"elapsed":2107}
[info] +  hosting[atpoda-81ca1]: file upload complete 
[debug] [2020-10-27T21:48:17.270Z] [hosting] deploy completed after 3384ms
[debug] [2020-10-27T21:48:17.272Z] [
  {
    "config": {
      "public": "dist",
      "ignore": [
        "firebase.json",
        "**/.*",
        "**/node_modules/**"
      ],
      "site": "atpoda-81ca1"
    },
    "site": "atpoda-81ca1",
    "version": "sites/atpoda-81ca1/versions/93f066e91614000e"
  }
]
[info] i  hosting[atpoda-81ca1]: finalizing version... 
[debug] [2020-10-27T21:48:17.277Z] >>> HTTP REQUEST PATCH https://firebasehosting.googleapis.com/v1beta1/sites/atpoda-81ca1/versions/93f066e91614000e?updateMask=status  
 {"status":"FINALIZED"}
[debug] [2020-10-27T21:48:38.302Z] Error: connect ETIMEDOUT 172.217.30.202:443
    at TCPConnectWrap.afterConnect [as oncomplete] (net.js:1145:16)
[error] 
[error] Error: Server Error. connect ETIMEDOUT 172.217.30.202:443
[debug] [2020-10-27T21:49:23.650Z] ----------------------------------------------------------------------
[debug] [2020-10-27T21:49:23.654Z] Command:       C:\Program Files\nodejs\node.exe C:\Users\BARRANQUILLA\AppData\Roaming\npm\node_modules\firebase-tools\lib\bin\firebase.js deploy
[debug] [2020-10-27T21:49:23.654Z] CLI Version:   8.13.1
[debug] [2020-10-27T21:49:23.655Z] Platform:      win32
[debug] [2020-10-27T21:49:23.655Z] Node Version:  v12.19.0
[debug] [2020-10-27T21:49:23.656Z] Time:          Tue Oct 27 2020 16:49:23 GMT-0500 (Colombia Standard Time)
[debug] [2020-10-27T21:49:23.656Z] ----------------------------------------------------------------------
[debug] [2020-10-27T21:49:23.657Z] 
[debug] [2020-10-27T21:49:23.668Z] > command requires scopes: ["email","openid","https://www.googleapis.com/auth/cloudplatformprojects.readonly","https://www.googleapis.com/auth/firebase","https://www.googleapis.com/auth/cloud-platform"]
[debug] [2020-10-27T21:49:23.668Z] > authorizing via signed-in user
[debug] [2020-10-27T21:49:23.669Z] [iam] checking project atpoda-81ca1 for permissions ["firebase.projects.get","firebasehosting.sites.update"]
[debug] [2020-10-27T21:49:23.674Z] >>> HTTP REQUEST POST https://cloudresourcemanager.googleapis.com/v1/projects/atpoda-81ca1:testIamPermissions  
 {"permissions":["firebase.projects.get","firebasehosting.sites.update"]}
[debug] [2020-10-27T21:49:24.089Z] <<< HTTP RESPONSE 200 {"content-type":"application/json; charset=UTF-8","vary":"X-Origin, Referer, Origin,Accept-Encoding","date":"Tue, 27 Oct 2020 21:49:23 GMT","server":"ESF","cache-control":"private","x-xss-protection":"0","x-frame-options":"SAMEORIGIN","x-content-type-options":"nosniff","server-timing":"gfet4t7; dur=120","alt-svc":"h3-Q050=\":443\"; ma=2592000,h3-29=\":443\"; ma=2592000,h3-T051=\":443\"; ma=2592000,h3-T050=\":443\"; ma=2592000,h3-Q046=\":443\"; ma=2592000,h3-Q043=\":443\"; ma=2592000,quic=\":443\"; ma=2592000; v=\"46,43\"","accept-ranges":"none","transfer-encoding":"chunked"}
[debug] [2020-10-27T21:49:24.098Z] >>> HTTP REQUEST GET https://firebase.googleapis.com/v1beta1/projects/atpoda-81ca1  
 
[debug] [2020-10-27T21:49:24.432Z] <<< HTTP RESPONSE 200 {"content-type":"application/json; charset=UTF-8","vary":"X-Origin, Referer, Origin,Accept-Encoding","date":"Tue, 27 Oct 2020 21:49:23 GMT","server":"ESF","cache-control":"private","x-xss-protection":"0","x-frame-options":"SAMEORIGIN","x-content-type-options":"nosniff","alt-svc":"h3-Q050=\":443\"; ma=2592000,h3-29=\":443\"; ma=2592000,h3-T051=\":443\"; ma=2592000,h3-T050=\":443\"; ma=2592000,h3-Q046=\":443\"; ma=2592000,h3-Q043=\":443\"; ma=2592000,quic=\":443\"; ma=2592000; v=\"46,43\"","accept-ranges":"none","transfer-encoding":"chunked"}
[info] 
[info] === Deploying to 'atpoda-81ca1'...
[info] 
[info] i  deploying hosting 
[debug] [2020-10-27T21:49:24.452Z] >>> HTTP REQUEST POST https://firebasehosting.googleapis.com/v1beta1/sites/atpoda-81ca1/versions  
 {"config":{},"labels":{"deployment-tool":"cli-firebase"}}
[debug] [2020-10-27T21:49:25.529Z] <<< HTTP RESPONSE 200 {"content-type":"application/json; charset=UTF-8","vary":"X-Origin, Referer, Origin,Accept-Encoding","date":"Tue, 27 Oct 2020 21:49:24 GMT","server":"ESF","cache-control":"private","x-xss-protection":"0","x-frame-options":"SAMEORIGIN","x-content-type-options":"nosniff","alt-svc":"h3-Q050=\":443\"; ma=2592000,h3-29=\":443\"; ma=2592000,h3-T051=\":443\"; ma=2592000,h3-T050=\":443\"; ma=2592000,h3-Q046=\":443\"; ma=2592000,h3-Q043=\":443\"; ma=2592000,quic=\":443\"; ma=2592000; v=\"46,43\"","accept-ranges":"none","transfer-encoding":"chunked"}
[info] i  hosting[atpoda-81ca1]: beginning deploy... 
[info] i  hosting[atpoda-81ca1]: found 16 files in dist 
[debug] [2020-10-27T21:49:25.585Z] [hosting] hash cache [ZGlzdA] stored for 16 files
[debug] [2020-10-27T21:49:25.586Z] [hosting][hash queue][FINAL] {"max":5,"min":1,"avg":1,"active":0,"complete":16,"success":16,"errored":0,"retried":0,"total":16,"elapsed":10}
[debug] [2020-10-27T21:49:25.587Z] >>> HTTP REQUEST POST https://firebasehosting.googleapis.com/v1beta1/sites/atpoda-81ca1/versions/5b7603fc566099e9:populateFiles  
 <request body omitted>
[debug] [2020-10-27T21:49:47.002Z] [populateQueue] Retrying task index 0
[debug] [2020-10-27T21:49:47.004Z] >>> HTTP REQUEST POST https://firebasehosting.googleapis.com/v1beta1/sites/atpoda-81ca1/versions/5b7603fc566099e9:populateFiles  
 <request body omitted>
[debug] [2020-10-27T21:50:08.814Z] [populateQueue] Retrying task index 0
[debug] [2020-10-27T21:50:08.815Z] >>> HTTP REQUEST POST https://firebasehosting.googleapis.com/v1beta1/sites/atpoda-81ca1/versions/5b7603fc566099e9:populateFiles  
 <request body omitted>
[debug] [2020-10-27T21:50:31.424Z] [populateQueue] Retrying task index 0
[debug] [2020-10-27T21:50:31.425Z] >>> HTTP REQUEST POST https://firebasehosting.googleapis.com/v1beta1/sites/atpoda-81ca1/versions/5b7603fc566099e9:populateFiles  
 <request body omitted>
[debug] [2020-10-27T21:50:32.305Z] <<< HTTP RESPONSE 200 {"content-type":"application/json; charset=UTF-8","vary":"X-Origin, Referer, Origin,Accept-Encoding","date":"Tue, 27 Oct 2020 21:50:31 GMT","server":"ESF","cache-control":"private","x-xss-protection":"0","x-frame-options":"SAMEORIGIN","x-content-type-options":"nosniff","alt-svc":"h3-Q050=\":443\"; ma=2592000,h3-29=\":443\"; ma=2592000,h3-T051=\":443\"; ma=2592000,h3-T050=\":443\"; ma=2592000,h3-Q046=\":443\"; ma=2592000,h3-Q043=\":443\"; ma=2592000,quic=\":443\"; ma=2592000; v=\"46,43\"","accept-ranges":"none","transfer-encoding":"chunked"}
[debug] [2020-10-27T21:50:32.309Z] [hosting][populate queue][FINAL] {"max":884,"min":884,"avg":884,"active":0,"complete":1,"success":1,"errored":0,"retried":3,"total":1,"elapsed":66726}
[debug] [2020-10-27T21:50:32.310Z] [hosting] uploads queued: 0
[debug] [2020-10-27T21:50:32.310Z] [hosting][upload queue][FINAL] {"max":0,"min":9999999999,"avg":0,"active":0,"complete":0,"success":0,"errored":0,"retried":0,"total":0,"elapsed":1603835432310}
[info] +  hosting[atpoda-81ca1]: file upload complete 
[debug] [2020-10-27T21:50:32.317Z] [hosting] deploy completed after 66783ms
[debug] [2020-10-27T21:50:32.319Z] [
  {
    "config": {
      "public": "dist",
      "ignore": [
        "firebase.json",
        "**/.*",
        "**/node_modules/**"
      ],
      "site": "atpoda-81ca1"
    },
    "site": "atpoda-81ca1",
    "version": "sites/atpoda-81ca1/versions/5b7603fc566099e9"
  }
]
[info] i  hosting[atpoda-81ca1]: finalizing version... 
[debug] [2020-10-27T21:50:32.321Z] >>> HTTP REQUEST PATCH https://firebasehosting.googleapis.com/v1beta1/sites/atpoda-81ca1/versions/5b7603fc566099e9?updateMask=status  
 {"status":"FINALIZED"}
[debug] [2020-10-27T21:50:33.134Z] <<< HTTP RESPONSE 200 {"content-type":"application/json; charset=UTF-8","vary":"X-Origin, Referer, Origin,Accept-Encoding","date":"Tue, 27 Oct 2020 21:50:32 GMT","server":"ESF","cache-control":"private","x-xss-protection":"0","x-frame-options":"SAMEORIGIN","x-content-type-options":"nosniff","alt-svc":"h3-Q050=\":443\"; ma=2592000,h3-29=\":443\"; ma=2592000,h3-T051=\":443\"; ma=2592000,h3-T050=\":443\"; ma=2592000,h3-Q046=\":443\"; ma=2592000,h3-Q043=\":443\"; ma=2592000,quic=\":443\"; ma=2592000; v=\"46,43\"","accept-ranges":"none","transfer-encoding":"chunked"}
[debug] [2020-10-27T21:50:33.135Z] [hosting] finalized version for atpoda-81ca1: {"name":"sites/atpoda-81ca1/versions/5b7603fc566099e9","status":"FINALIZED","config":{},"labels":{"deployment-tool":"cli-firebase"},"createTime":"2020-10-27T21:49:24.013701Z","createUser":{"email":"bmoreno.dl@gmail.com"},"finalizeTime":"2020-10-27T21:50:32.031069Z","finalizeUser":{"email":"bmoreno.dl@gmail.com"}}
[info] +  hosting[atpoda-81ca1]: version finalized 
[info] i  hosting[atpoda-81ca1]: releasing new version... 
[debug] [2020-10-27T21:50:33.138Z] >>> HTTP REQUEST POST https://firebasehosting.googleapis.com/v1beta1/sites/atpoda-81ca1/releases?version_name=sites/atpoda-81ca1/versions/5b7603fc566099e9  
 {"message":null}
[debug] [2020-10-27T21:50:54.149Z] Error: connect ETIMEDOUT 172.217.30.202:443
    at TCPConnectWrap.afterConnect [as oncomplete] (net.js:1145:16)
[error] 
[error] Error: Server Error. connect ETIMEDOUT 172.217.30.202:443
